 DOS FOR A SMALL FCC CLUSTER                                
 INPUT CONTINUED FRACTION CFTS.
   0.0000  1.0000  0.0000  1.0000  0.0000  1.0000  0.0000  1.0000  0.0000  1.0000
  -0.0074  0.0030 -0.0074  0.0030 -0.0074  0.0030 -0.0026  0.0021 -0.0026  0.0021
  -0.0297  0.0018 -0.0302  0.0023 -0.0297  0.0018 -0.0087  0.0013 -0.0100  0.0013
  -0.0127  0.0022 -0.0115  0.0019 -0.0148  0.0025 -0.0096  0.0014 -0.0070  0.0014
  -0.0226  0.0018 -0.0137  0.0015 -0.0190  0.0018 -0.0096  0.0009 -0.0065  0.0010
   0.0030  0.0014 -0.0177  0.0023  0.0033  0.0016 -0.0058  0.0015 -0.0085  0.0012
  -0.0129  0.0020 -0.0111  0.0020 -0.0032  0.0017 -0.0187  0.0014 -0.0102  0.0013
  -0.0136  0.0014 -0.0058  0.0014 -0.0067  0.0011 -0.0263  0.0028 -0.0330  0.0021
  -0.0170  0.0018 -0.0031  0.0016 -0.0039  0.0014 -0.0091  0.0021 -0.0129  0.0025
  -0.0162  0.0017 -0.0060  0.0017 -0.0194  0.0014 -0.0051  0.0016  0.0005  0.0018
   0.0000  0.0015  0.0000  0.0016  0.0000  0.0015  0.0000  0.0018  0.0000  0.0015


 RESULTANT CONTINUED FRACTION COEFFICIENTS
  6 LEVELS USED
      -0.177809E-17  0.500000E+01
      -0.583513E-02  0.261848E-02
      -0.257177E-01  0.181037E-02
      -0.177830E-01  0.230714E-02
      -0.188918E-01  0.186160E-02
      -0.969332E-02  0.192998E-02
 EDGE -0.11241E+00 WIDTH  0.19276E+00 WEIGHT  0.50000E+01
 ERROR IN MATCH  0.00000E+00 CODE   2
 TERMINATOR COEFFICIENTS :
 -0.16024802E-01  0.50000000E+01
 -0.16024802E-01  0.23223222E-02
 -0.16024802E-01  0.23223222E-02
 -0.16024802E-01  0.23223222E-02
 -0.16024802E-01  0.23223222E-02
 -0.16024802E-01  0.23223222E-02


 #DOS
#      ENERGY      TERM.DOS     QUAD.DOS     INTEGRATED DOS "STRUCTURAL ENERGY"
  -0.15000E+00   0.00000E+00   0.10673E-01   0.11822E-03  -0.17733E-04
  -0.14703E+00   0.00000E+00   0.14498E-01   0.15528E-03  -0.22831E-04
  -0.14406E+00   0.00000E+00   0.19912E-01   0.20591E-03  -0.29663E-04
  -0.14109E+00   0.00000E+00   0.27679E-01   0.27589E-03  -0.38925E-04
  -0.13812E+00   0.00000E+00   0.38980E-01   0.37382E-03  -0.51631E-04
  -0.13515E+00   0.00000E+00   0.55682E-01   0.51276E-03  -0.69299E-04
  -0.13218E+00   0.00000E+00   0.80792E-01   0.71287E-03  -0.94225E-04
  -0.12921E+00   0.00000E+00   0.11925E+00   0.10058E-02  -0.12996E-03
  -0.12624E+00   0.00000E+00   0.17933E+00   0.14425E-02  -0.18210E-03
  -0.12327E+00   0.00000E+00   0.27525E+00   0.21063E-02  -0.25964E-03
  -0.12030E+00   0.00000E+00   0.43193E+00   0.31372E-02  -0.37740E-03
  -0.11733E+00   0.00000E+00   0.69379E+00   0.47752E-02  -0.56026E-03
  -0.11436E+00   0.00000E+00   0.11407E+01   0.74400E-02  -0.85081E-03
  -0.11139E+00   0.37699E+00   0.19146E+01   0.11872E-01  -0.13224E-02
  -0.10842E+00   0.14661E+01   0.32507E+01   0.19367E-01  -0.20997E-02
  -0.10545E+00   0.39015E+01   0.54605E+01   0.32052E-01  -0.33798E-02
  -0.10248E+00   0.82968E+01   0.86605E+01   0.52819E-01  -0.54127E-02
  -0.99505E-01   0.11737E+02   0.11923E+02   0.83631E-01  -0.83217E-02
  -0.96535E-01   0.11628E+02   0.12717E+02   0.12117E+00  -0.11698E-01
  -0.93564E-01   0.10375E+02   0.10293E+02   0.15554E+00  -0.14571E-01
  -0.90594E-01   0.94970E+01   0.10201E+02   0.18522E+00  -0.16996E-01
  -0.87624E-01   0.91878E+01   0.11457E+02   0.21738E+00  -0.19674E-01
  -0.84653E-01   0.93845E+01   0.12454E+02   0.25297E+00  -0.22587E-01
  -0.81683E-01   0.10047E+02   0.13405E+02   0.29132E+00  -0.25604E-01
  -0.78713E-01   0.11190E+02   0.14756E+02   0.33300E+00  -0.28719E-01
  -0.75743E-01   0.12873E+02   0.16784E+02   0.37966E+00  -0.32014E-01
  -0.72772E-01   0.15187E+02   0.19603E+02   0.43350E+00  -0.35603E-01
  -0.69802E-01   0.18227E+02   0.23136E+02   0.49683E+00  -0.39585E-01
  -0.66832E-01   0.22028E+02   0.26990E+02   0.57127E+00  -0.43998E-01
  -0.63861E-01   0.26481E+02   0.30329E+02   0.65667E+00  -0.48753E-01
  -0.60891E-01   0.31221E+02   0.32013E+02   0.74979E+00  -0.53602E-01
  -0.57921E-01   0.35625E+02   0.31461E+02   0.84456E+00  -0.58211E-01
  -0.54950E-01   0.39007E+02   0.30031E+02   0.93575E+00  -0.62442E-01
  -0.51980E-01   0.40944E+02   0.30180E+02   0.10246E+01  -0.66586E-01
  -0.49010E-01   0.41462E+02   0.31790E+02   0.11165E+01  -0.70954E-01
  -0.46040E-01   0.40924E+02   0.33266E+02   0.12133E+01  -0.75513E-01
  -0.43069E-01   0.39768E+02   0.33828E+02   0.13132E+01  -0.80028E-01
  -0.40099E-01   0.38338E+02   0.33570E+02   0.14135E+01  -0.84282E-01
  -0.37129E-01   0.36827E+02   0.32847E+02   0.15122E+01  -0.88151E-01
  -0.34158E-01   0.35307E+02   0.31918E+02   0.16084E+01  -0.91591E-01
  -0.31188E-01   0.33776E+02   0.30868E+02   0.17017E+01  -0.94604E-01
  -0.28218E-01   0.32204E+02   0.29678E+02   0.17916E+01  -0.97218E-01
  -0.25248E-01   0.30560E+02   0.28334E+02   0.18778E+01  -0.99474E-01
  -0.22277E-01   0.28840E+02   0.26942E+02   0.19599E+01  -0.10143E+00
  -0.19307E-01   0.27069E+02   0.25760E+02   0.20381E+01  -0.10318E+00
  -0.16337E-01   0.25298E+02   0.25030E+02   0.21134E+01  -0.10478E+00
  -0.13366E-01   0.23591E+02   0.24705E+02   0.21872E+01  -0.10626E+00
  -0.10396E-01   0.22011E+02   0.24440E+02   0.22602E+01  -0.10761E+00
  -0.74257E-02   0.20611E+02   0.23950E+02   0.23321E+01  -0.10875E+00
  -0.44554E-02   0.19427E+02   0.23184E+02   0.24022E+01  -0.10964E+00
  -0.14851E-02   0.18483E+02   0.22267E+02   0.24697E+01  -0.11026E+00
   0.14851E-02   0.17797E+02   0.21390E+02   0.25345E+01  -0.11060E+00
   0.44554E-02   0.17379E+02   0.20726E+02   0.25970E+01  -0.11066E+00
   0.74257E-02   0.17244E+02   0.20403E+02   0.26580E+01  -0.11046E+00
   0.10396E-01   0.17410E+02   0.20498E+02   0.27186E+01  -0.10999E+00
   0.13366E-01   0.17908E+02   0.21032E+02   0.27802E+01  -0.10922E+00
   0.16337E-01   0.18775E+02   0.21952E+02   0.28440E+01  -0.10815E+00
   0.19307E-01   0.20059E+02   0.23096E+02   0.29108E+01  -0.10675E+00
   0.22277E-01   0.21802E+02   0.24157E+02   0.29811E+01  -0.10502E+00
   0.25248E-01   0.24015E+02   0.24714E+02   0.30538E+01  -0.10298E+00
   0.28218E-01   0.26619E+02   0.24482E+02   0.31271E+01  -0.10073E+00
   0.31188E-01   0.29353E+02   0.23864E+02   0.31989E+01  -0.98452E-01
   0.34158E-01   0.31712E+02   0.24208E+02   0.32698E+01  -0.96231E-01
   0.37129E-01   0.33046E+02   0.26113E+02   0.33443E+01  -0.93941E-01
   0.40099E-01   0.32910E+02   0.28116E+02   0.34250E+01  -0.91329E-01
   0.43069E-01   0.31439E+02   0.29152E+02   0.35103E+01  -0.88292E-01
   0.46040E-01   0.29306E+02   0.29514E+02   0.35975E+01  -0.84840E-01
   0.49010E-01   0.27331E+02   0.30252E+02   0.36860E+01  -0.80939E-01
   0.51980E-01   0.26221E+02   0.32681E+02   0.37789E+01  -0.76397E-01
   0.54950E-01   0.26671E+02   0.38235E+02   0.38833E+01  -0.70785E-01
   0.57921E-01   0.29895E+02   0.47696E+02   0.40101E+01  -0.63399E-01
   0.60891E-01   0.39273E+02   0.55503E+02   0.41657E+01  -0.53757E-01
   0.63861E-01   0.67568E+02   0.41860E+02   0.43166E+01  -0.44184E-01
   0.66832E-01   0.14644E+03   0.73104E+02   0.44652E+01  -0.35743E-01
   0.69802E-01   0.62836E+02   0.69700E+02   0.46963E+01  -0.21200E-01
   0.72772E-01   0.12851E+02   0.36302E+02   0.48519E+01  -0.10777E-01
   0.75743E-01   0.34153E+01   0.16754E+02   0.49271E+01  -0.55235E-02
   0.78713E-01   0.87350E+00   0.79479E+01   0.49620E+01  -0.29912E-02
   0.81683E-01   0.00000E+00   0.39989E+01   0.49790E+01  -0.17163E-02
   0.84653E-01   0.00000E+00   0.21334E+01   0.49878E+01  -0.10355E-02
   0.87624E-01   0.00000E+00   0.11981E+01   0.49926E+01  -0.65157E-03
   0.90594E-01   0.00000E+00   0.70292E+00   0.49953E+01  -0.42461E-03
   0.93564E-01   0.00000E+00   0.42795E+00   0.49970E+01  -0.28497E-03
   0.96535E-01   0.00000E+00   0.26891E+00   0.49980E+01  -0.19610E-03
   0.99505E-01   0.00000E+00   0.17365E+00   0.49986E+01  -0.13790E-03
   0.10248E+00   0.00000E+00   0.11482E+00   0.49990E+01  -0.98804E-04
   0.10545E+00   0.00000E+00   0.77528E-01   0.49993E+01  -0.71975E-04
   0.10842E+00   0.00000E+00   0.53322E-01   0.49995E+01  -0.53206E-04
   0.11139E+00   0.00000E+00   0.37285E-01   0.49996E+01  -0.39852E-04
   0.11436E+00   0.00000E+00   0.26462E-01   0.49997E+01  -0.30206E-04
   0.11733E+00   0.00000E+00   0.19036E-01   0.49998E+01  -0.23142E-04
   0.12030E+00   0.00000E+00   0.13863E-01   0.49999E+01  -0.17905E-04
   0.12327E+00   0.00000E+00   0.10210E-01   0.49999E+01  -0.13978E-04
   0.12624E+00   0.00000E+00   0.75974E-02   0.49999E+01  -0.11003E-04
   0.12921E+00   0.00000E+00   0.57078E-02   0.49999E+01  -0.87277E-05
   0.13218E+00   0.00000E+00   0.43265E-02   0.49999E+01  -0.69725E-05
   0.13515E+00   0.00000E+00   0.33066E-02   0.50000E+01  -0.56073E-05
   0.13812E+00   0.00000E+00   0.25466E-02   0.50000E+01  -0.45374E-05
   0.14109E+00   0.00000E+00   0.19756E-02   0.50000E+01  -0.36930E-05
   0.14406E+00   0.00000E+00   0.15430E-02   0.50000E+01  -0.30221E-05
   0.14703E+00   0.00000E+00   0.12128E-02   0.50000E+01  -0.24859E-05
   0.15000E+00   0.00000E+00   0.95906E-03   0.50000E+01  -0.20547E-05
 ENDDOS

 NO. OF ELECTRONS     FERMI ENERGY   MORE ACCURATE F.E.
           1         -0.52800663E-01   -0.52332887E-01
           2         -0.20770616E-01   -0.21286712E-01
           3          0.23056722E-01    0.23207202E-01
           4          0.57708126E-01    0.57849944E-01
